# JRE version: OpenJDK Runtime Environment AdoptOpenJDK-dcevm-11.0.15+1-202204281500 (11.0.15+1) (build 11.0.15+1-202204281500)
# Java VM: Dynamic Code Evolution 64-Bit Server VM AdoptOpenJDK-dcevm-11.0.15+1-202204281500 (11.0.15+1-202204281500, mixed mode, tiered, compressed oops, g1 gc, windows-amd64)
Heap:
 garbage-first heap   total 626688K, used 317440K [0x0000000603c00000, 0x0000000800000000)
  region size 2048K, 37 young (75776K), 9 survivors (18432K)
 Metaspace       used 152635K, capacity 155886K, committed 157440K, reserved 1187840K
  class space    used 17291K, capacity 18486K, committed 18944K, reserved 1048576K
GC Heap History (20 events):
Event: 255427.899 GC heap before
{Heap before GC invocations=33 (full 0):
 garbage-first heap   total 626688K, used 393089K [0x0000000603c00000, 0x0000000800000000)
  region size 2048K, 53 young (108544K), 9 survivors (18432K)
 Metaspace       used 152677K, capacity 155946K, committed 157440K, reserved 1187840K
  class space    used 17297K, capacity 18497K, committed 18944K, reserved 1048576K
}
Event: 255427.925 GC heap after
{Heap after GC invocations=34 (full 0):
 garbage-first heap   total 626688K, used 348998K [0x0000000603c00000, 0x0000000800000000)
  region size 2048K, 7 young (14336K), 7 survivors (14336K)
 Metaspace       used 152677K, capacity 155946K, committed 157440K, reserved 1187840K
  class space    used 17297K, capacity 18497K, committed 18944K, reserved 1048576K
}
Event: 256017.154 GC heap before
{Heap before GC invocations=34 (full 0):
 garbage-first heap   total 626688K, used 365382K [0x0000000603c00000, 0x0000000800000000)
  region size 2048K, 15 young (30720K), 7 survivors (14336K)
 Metaspace       used 152677K, capacity 155946K, committed 157440K, reserved 1187840K
  class space    used 17297K, capacity 18497K, committed 18944K, reserved 1048576K
}
Event: 256017.205 GC heap after
{Heap after GC invocations=35 (full 0):
 garbage-first heap   total 626688K, used 313344K [0x0000000603c00000, 0x0000000800000000)
  region size 2048K, 2 young (4096K), 2 survivors (4096K)
 Metaspace       used 152677K, capacity 155946K, committed 157440K, reserved 1187840K
  class space    used 17297K, capacity 18497K, committed 18944K, reserved 1048576K
}
Event: 259220.881 GC heap before
{Heap before GC invocations=35 (full 0):
 garbage-first heap   total 626688K, used 425984K [0x0000000603c00000, 0x0000000800000000)
  region size 2048K, 57 young (116736K), 2 survivors (4096K)
 Metaspace       used 152677K, capacity 155946K, committed 157440K, reserved 1187840K
  class space    used 17297K, capacity 18497K, committed 18944K, reserved 1048576K
}
Event: 259220.928 GC heap after
{Heap after GC invocations=36 (full 0):
 garbage-first heap   total 626688K, used 376832K [0x0000000603c00000, 0x0000000800000000)
  region size 2048K, 8 young (16384K), 8 survivors (16384K)
 Metaspace       used 152677K, capacity 155946K, committed 157440K, reserved 1187840K
  class space    used 17297K, capacity 18497K, committed 18944K, reserved 1048576K
}
Event: 261368.475 GC heap before
{Heap before GC invocations=37 (full 0):
 garbage-first heap   total 626688K, used 346112K [0x0000000603c00000, 0x0000000800000000)
  region size 2048K, 47 young (96256K), 8 survivors (16384K)
 Metaspace       used 152634K, capacity 155886K, committed 157440K, reserved 1187840K
  class space    used 17291K, capacity 18486K, committed 18944K, reserved 1048576K
}
Event: 261368.495 GC heap after
{Heap after GC invocations=38 (full 0):
 garbage-first heap   total 626688K, used 301056K [0x0000000603c00000, 0x0000000800000000)
  region size 2048K, 6 young (12288K), 6 survivors (12288K)
 Metaspace       used 152634K, capacity 155886K, committed 157440K, reserved 1187840K
  class space    used 17291K, capacity 18486K, committed 18944K, reserved 1048576K
}
Event: 262007.338 GC heap before
{Heap before GC invocations=38 (full 0):
 garbage-first heap   total 626688K, used 317440K [0x0000000603c00000, 0x0000000800000000)
  region size 2048K, 15 young (30720K), 6 survivors (12288K)
 Metaspace       used 152634K, capacity 155886K, committed 157440K, reserved 1187840K
  class space    used 17291K, capacity 18486K, committed 18944K, reserved 1048576K
}
Event: 262007.358 GC heap after
{Heap after GC invocations=39 (full 0):
 garbage-first heap   total 626688K, used 283713K [0x0000000603c00000, 0x0000000800000000)
  region size 2048K, 2 young (4096K), 2 survivors (4096K)
 Metaspace       used 152634K, capacity 155886K, committed 157440K, reserved 1187840K
  class space    used 17291K, capacity 18486K, committed 18944K, reserved 1048576K
}
Event: 264861.178 GC heap before
{Heap before GC invocations=39 (full 0):
 garbage-first heap   total 626688K, used 414785K [0x0000000603c00000, 0x0000000800000000)
  region size 2048K, 66 young (135168K), 2 survivors (4096K)
 Metaspace       used 152634K, capacity 155886K, committed 157440K, reserved 1187840K
  class space    used 17291K, capacity 18486K, committed 18944K, reserved 1048576K
}
Event: 264861.202 GC heap after
{Heap after GC invocations=40 (full 0):
 garbage-first heap   total 626688K, used 339903K [0x0000000603c00000, 0x0000000800000000)
  region size 2048K, 9 young (18432K), 9 survivors (18432K)
 Metaspace       used 152634K, capacity 155886K, committed 157440K, reserved 1187840K
  class space    used 17291K, capacity 18486K, committed 18944K, reserved 1048576K
}
Event: 267657.630 GC heap before
{Heap before GC invocations=40 (full 0):
 garbage-first heap   total 626688K, used 442303K [0x0000000603c00000, 0x0000000800000000)
  region size 2048K, 59 young (120832K), 9 survivors (18432K)
 Metaspace       used 152634K, capacity 155886K, committed 157440K, reserved 1187840K
  class space    used 17291K, capacity 18486K, committed 18944K, reserved 1048576K
}
Event: 267657.660 GC heap after
{Heap after GC invocations=41 (full 0):
 garbage-first heap   total 626688K, used 382976K [0x0000000603c00000, 0x0000000800000000)
  region size 2048K, 8 young (16384K), 8 survivors (16384K)
 Metaspace       used 152634K, capacity 155886K, committed 157440K, reserved 1187840K
  class space    used 17291K, capacity 18486K, committed 18944K, reserved 1048576K
}
Event: 269903.658 GC heap before
{Heap before GC invocations=42 (full 0):
 garbage-first heap   total 626688K, used 339968K [0x0000000603c00000, 0x0000000800000000)
  region size 2048K, 47 young (96256K), 8 survivors (16384K)
 Metaspace       used 152634K, capacity 155886K, committed 157440K, reserved 1187840K
  class space    used 17291K, capacity 18486K, committed 18944K, reserved 1048576K
}
Event: 269903.674 GC heap after
{Heap after GC invocations=43 (full 0):
 garbage-first heap   total 626688K, used 294093K [0x0000000603c00000, 0x0000000800000000)
  region size 2048K, 6 young (12288K), 6 survivors (12288K)
 Metaspace       used 152634K, capacity 155886K, committed 157440K, reserved 1187840K
  class space    used 17291K, capacity 18486K, committed 18944K, reserved 1048576K
}
Event: 270532.756 GC heap before
{Heap before GC invocations=43 (full 0):
 garbage-first heap   total 626688K, used 312525K [0x0000000603c00000, 0x0000000800000000)
  region size 2048K, 15 young (30720K), 6 survivors (12288K)
 Metaspace       used 152634K, capacity 155886K, committed 157440K, reserved 1187840K
  class space    used 17291K, capacity 18486K, committed 18944K, reserved 1048576K
}
Event: 270532.771 GC heap after
{Heap after GC invocations=44 (full 0):
 garbage-first heap   total 626688K, used 278528K [0x0000000603c00000, 0x0000000800000000)
  region size 2048K, 2 young (4096K), 2 survivors (4096K)
 Metaspace       used 152634K, capacity 155886K, committed 157440K, reserved 1187840K
  class space    used 17291K, capacity 18486K, committed 18944K, reserved 1048576K
}
Event: 273208.150 GC heap before
{Heap before GC invocations=44 (full 0):
 garbage-first heap   total 626688K, used 417792K [0x0000000603c00000, 0x0000000800000000)
  region size 2048K, 70 young (143360K), 2 survivors (4096K)
 Metaspace       used 152634K, capacity 155886K, committed 157440K, reserved 1187840K
  class space    used 17291K, capacity 18486K, committed 18944K, reserved 1048576K
}
Event: 273208.173 GC heap after
{Heap after GC invocations=45 (full 0):
 garbage-first heap   total 626688K, used 331776K [0x0000000603c00000, 0x0000000800000000)
  region size 2048K, 9 young (18432K), 9 survivors (18432K)
 Metaspace       used 152634K, capacity 155886K, committed 157440K, reserved 1187840K
  class space    used 17291K, capacity 18486K, committed 18944K, reserved 1048576K
}

